<?xml version="1.0" encoding="utf-8"?><testsuites name="pytest tests"><testsuite name="pytest" errors="0" failures="1" skipped="0" tests="16" time="25.989" timestamp="2026-01-09T00:05:54.208514+00:00" hostname="agent-env-1c8ba12d-56e0-490a-bcff-237f0466ef65"><testcase classname="tests.test_gaaius_builder.TestBuildTemplates" name="test_get_templates_returns_200" time="0.075" /><testcase classname="tests.test_gaaius_builder.TestBuildTemplates" name="test_templates_contains_expected_keys" time="0.040" /><testcase classname="tests.test_gaaius_builder.TestBuildTemplates" name="test_template_structure" time="0.075" /><testcase classname="tests.test_gaaius_builder.TestBuildBlueprint" name="test_blueprint_returns_200" time="0.036" /><testcase classname="tests.test_gaaius_builder.TestBuildBlueprint" name="test_blueprint_with_saas_template" time="0.040" /><testcase classname="tests.test_gaaius_builder.TestBuildBlueprint" name="test_blueprint_with_ecommerce_template" time="0.037" /><testcase classname="tests.test_gaaius_builder.TestBuildBlueprint" name="test_blueprint_auto_detect_template" time="0.039"><failure message="AssertionError: assert 'saas_dashboard' == 'crypto_finance'&#10;  &#10;  - crypto_finance&#10;  + saas_dashboard">tests/test_gaaius_builder.py:108: in test_blueprint_auto_detect_template
    assert blueprint["template_used"] == "crypto_finance"
E   AssertionError: assert 'saas_dashboard' == 'crypto_finance'
E     
E     - crypto_finance
E     + saas_dashboard</failure></testcase><testcase classname="tests.test_gaaius_builder.TestBuildBlueprint" name="test_blueprint_includes_available_templates" time="0.038" /><testcase classname="tests.test_gaaius_builder.TestBuildGenerate" name="test_generate_returns_200" time="5.892" /><testcase classname="tests.test_gaaius_builder.TestBuildGenerate" name="test_generate_returns_code" time="6.011" /><testcase classname="tests.test_gaaius_builder.TestBuildGenerate" name="test_generate_returns_quality_score" time="3.913" /><testcase classname="tests.test_gaaius_builder.TestBuildGenerate" name="test_generate_returns_quality_checks" time="4.002" /><testcase classname="tests.test_gaaius_builder.TestBuildGenerate" name="test_generate_returns_quality_issues" time="2.037" /><testcase classname="tests.test_gaaius_builder.TestBuildGenerate" name="test_generate_returns_blueprint_info" time="3.537" /><testcase classname="tests.test_gaaius_builder.TestHealthAndBasics" name="test_health_endpoint" time="0.051" /><testcase classname="tests.test_gaaius_builder.TestHealthAndBasics" name="test_root_endpoint" time="0.078" /></testsuite></testsuites>